[INFO  - 2014-07-01T16:45:29.263Z] GhostDriver - Main - running on port 26387
[INFO  - 2014-07-01T16:45:29.919Z] Session [1c68dfc0-013f-11e4-80a0-e3de7b9ea599] - CONSTRUCTOR - Desired Capabilities: {"platform":"ANY","browserName":"firefox","version":""}
[INFO  - 2014-07-01T16:45:29.919Z] Session [1c68dfc0-013f-11e4-80a0-e3de7b9ea599] - CONSTRUCTOR - Negotiated Capabilities: {"browserName":"phantomjs","version":"1.9.1","driverName":"ghostdriver","driverVersion":"1.0.3","platform":"windows-7-32bit","javascriptEnabled":true,"takesScreenshot":true,"handlesAlerts":false,"databaseEnabled":false,"locationContextEnabled":false,"applicationCacheEnabled":false,"browserConnectionEnabled":false,"cssSelectorsEnabled":true,"webStorageEnabled":false,"rotatable":false,"acceptSslCerts":false,"nativeEvents":true,"proxy":{"proxyType":"direct"}}
[INFO  - 2014-07-01T16:45:29.919Z] SessionManagerReqHand - _postNewSessionCommand - New Session Created: 1c68dfc0-013f-11e4-80a0-e3de7b9ea599
[INFO  - 2014-07-01T16:45:32.271Z] ShutdownReqHand - _handle - About to shutdown
[INFO  - 2014-07-01T16:45:42.233Z] GhostDriver - Main - running on port 46474
[INFO  - 2014-07-01T16:45:42.934Z] Session [242ace30-013f-11e4-97c7-676653053626] - CONSTRUCTOR - Desired Capabilities: {"platform":"ANY","browserName":"firefox","version":""}
[INFO  - 2014-07-01T16:45:42.934Z] Session [242ace30-013f-11e4-97c7-676653053626] - CONSTRUCTOR - Negotiated Capabilities: {"browserName":"phantomjs","version":"1.9.1","driverName":"ghostdriver","driverVersion":"1.0.3","platform":"windows-7-32bit","javascriptEnabled":true,"takesScreenshot":true,"handlesAlerts":false,"databaseEnabled":false,"locationContextEnabled":false,"applicationCacheEnabled":false,"browserConnectionEnabled":false,"cssSelectorsEnabled":true,"webStorageEnabled":false,"rotatable":false,"acceptSslCerts":false,"nativeEvents":true,"proxy":{"proxyType":"direct"}}
[INFO  - 2014-07-01T16:45:42.934Z] SessionManagerReqHand - _postNewSessionCommand - New Session Created: 242ace30-013f-11e4-97c7-676653053626
[INFO  - 2014-07-01T16:45:47.600Z] ShutdownReqHand - _handle - About to shutdown
[INFO  - 2014-07-03T11:21:33.677Z] GhostDriver - Main - running on port 25066
[INFO  - 2014-07-03T11:21:33.971Z] Session [30821100-02a4-11e4-a790-4fbffe4bc743] - CONSTRUCTOR - Desired Capabilities: {"platform":"ANY","browserName":"firefox","version":""}
[INFO  - 2014-07-03T11:21:33.971Z] Session [30821100-02a4-11e4-a790-4fbffe4bc743] - CONSTRUCTOR - Negotiated Capabilities: {"browserName":"phantomjs","version":"1.9.1","driverName":"ghostdriver","driverVersion":"1.0.3","platform":"windows-7-32bit","javascriptEnabled":true,"takesScreenshot":true,"handlesAlerts":false,"databaseEnabled":false,"locationContextEnabled":false,"applicationCacheEnabled":false,"browserConnectionEnabled":false,"cssSelectorsEnabled":true,"webStorageEnabled":false,"rotatable":false,"acceptSslCerts":false,"nativeEvents":true,"proxy":{"proxyType":"direct"}}
[INFO  - 2014-07-03T11:21:33.971Z] SessionManagerReqHand - _postNewSessionCommand - New Session Created: 30821100-02a4-11e4-a790-4fbffe4bc743
[INFO  - 2014-07-03T11:21:36.664Z] ShutdownReqHand - _handle - About to shutdown
[INFO  - 2014-07-03T11:25:42.688Z] GhostDriver - Main - running on port 41394
[INFO  - 2014-07-03T11:25:43.402Z] Session [c52e3770-02a4-11e4-b077-9d58142c9a09] - CONSTRUCTOR - Desired Capabilities: {"platform":"ANY","browserName":"firefox","version":""}
[INFO  - 2014-07-03T11:25:43.402Z] Session [c52e3770-02a4-11e4-b077-9d58142c9a09] - CONSTRUCTOR - Negotiated Capabilities: {"browserName":"phantomjs","version":"1.9.1","driverName":"ghostdriver","driverVersion":"1.0.3","platform":"windows-7-32bit","javascriptEnabled":true,"takesScreenshot":true,"handlesAlerts":false,"databaseEnabled":false,"locationContextEnabled":false,"applicationCacheEnabled":false,"browserConnectionEnabled":false,"cssSelectorsEnabled":true,"webStorageEnabled":false,"rotatable":false,"acceptSslCerts":false,"nativeEvents":true,"proxy":{"proxyType":"direct"}}
[INFO  - 2014-07-03T11:25:43.402Z] SessionManagerReqHand - _postNewSessionCommand - New Session Created: c52e3770-02a4-11e4-b077-9d58142c9a09
[INFO  - 2014-07-03T11:25:48.632Z] ShutdownReqHand - _handle - About to shutdown
[INFO  - 2014-07-03T14:55:27.738Z] GhostDriver - Main - running on port 22317
[INFO  - 2014-07-03T14:55:28.461Z] Session [1275d2a0-02c2-11e4-94a2-d7561e343504] - CONSTRUCTOR - Desired Capabilities: {"platform":"ANY","browserName":"firefox","version":""}
[INFO  - 2014-07-03T14:55:28.461Z] Session [1275d2a0-02c2-11e4-94a2-d7561e343504] - CONSTRUCTOR - Negotiated Capabilities: {"browserName":"phantomjs","version":"1.9.1","driverName":"ghostdriver","driverVersion":"1.0.3","platform":"windows-7-32bit","javascriptEnabled":true,"takesScreenshot":true,"handlesAlerts":false,"databaseEnabled":false,"locationContextEnabled":false,"applicationCacheEnabled":false,"browserConnectionEnabled":false,"cssSelectorsEnabled":true,"webStorageEnabled":false,"rotatable":false,"acceptSslCerts":false,"nativeEvents":true,"proxy":{"proxyType":"direct"}}
[INFO  - 2014-07-03T14:55:28.461Z] SessionManagerReqHand - _postNewSessionCommand - New Session Created: 1275d2a0-02c2-11e4-94a2-d7561e343504
[INFO  - 2014-07-03T14:55:34.044Z] ShutdownReqHand - _handle - About to shutdown
[INFO  - 2014-07-03T14:55:49.379Z] GhostDriver - Main - running on port 26219
[INFO  - 2014-07-03T14:55:50.102Z] Session [1f5bfa30-02c2-11e4-b7e0-3980d6abb073] - CONSTRUCTOR - Desired Capabilities: {"platform":"ANY","browserName":"firefox","version":""}
[INFO  - 2014-07-03T14:55:50.102Z] Session [1f5bfa30-02c2-11e4-b7e0-3980d6abb073] - CONSTRUCTOR - Negotiated Capabilities: {"browserName":"phantomjs","version":"1.9.1","driverName":"ghostdriver","driverVersion":"1.0.3","platform":"windows-7-32bit","javascriptEnabled":true,"takesScreenshot":true,"handlesAlerts":false,"databaseEnabled":false,"locationContextEnabled":false,"applicationCacheEnabled":false,"browserConnectionEnabled":false,"cssSelectorsEnabled":true,"webStorageEnabled":false,"rotatable":false,"acceptSslCerts":false,"nativeEvents":true,"proxy":{"proxyType":"direct"}}
[INFO  - 2014-07-03T14:55:50.103Z] SessionManagerReqHand - _postNewSessionCommand - New Session Created: 1f5bfa30-02c2-11e4-b7e0-3980d6abb073
[INFO  - 2014-07-03T14:55:55.458Z] ShutdownReqHand - _handle - About to shutdown
[INFO  - 2014-07-03T14:56:41.128Z] GhostDriver - Main - running on port 17404
[INFO  - 2014-07-03T14:56:41.842Z] Session [3e32b8e0-02c2-11e4-9940-d155273f3528] - CONSTRUCTOR - Desired Capabilities: {"platform":"ANY","browserName":"firefox","version":""}
[INFO  - 2014-07-03T14:56:41.842Z] Session [3e32b8e0-02c2-11e4-9940-d155273f3528] - CONSTRUCTOR - Negotiated Capabilities: {"browserName":"phantomjs","version":"1.9.1","driverName":"ghostdriver","driverVersion":"1.0.3","platform":"windows-7-32bit","javascriptEnabled":true,"takesScreenshot":true,"handlesAlerts":false,"databaseEnabled":false,"locationContextEnabled":false,"applicationCacheEnabled":false,"browserConnectionEnabled":false,"cssSelectorsEnabled":true,"webStorageEnabled":false,"rotatable":false,"acceptSslCerts":false,"nativeEvents":true,"proxy":{"proxyType":"direct"}}
[INFO  - 2014-07-03T14:56:41.842Z] SessionManagerReqHand - _postNewSessionCommand - New Session Created: 3e32b8e0-02c2-11e4-9940-d155273f3528
[INFO  - 2014-07-03T14:56:44.604Z] ShutdownReqHand - _handle - About to shutdown
[INFO  - 2014-07-03T14:57:28.538Z] GhostDriver - Main - running on port 18799
[INFO  - 2014-07-03T14:57:29.246Z] Session [5a7426b0-02c2-11e4-9de1-dd0e6737e365] - CONSTRUCTOR - Desired Capabilities: {"platform":"ANY","browserName":"firefox","version":""}
[INFO  - 2014-07-03T14:57:29.246Z] Session [5a7426b0-02c2-11e4-9de1-dd0e6737e365] - CONSTRUCTOR - Negotiated Capabilities: {"browserName":"phantomjs","version":"1.9.1","driverName":"ghostdriver","driverVersion":"1.0.3","platform":"windows-7-32bit","javascriptEnabled":true,"takesScreenshot":true,"handlesAlerts":false,"databaseEnabled":false,"locationContextEnabled":false,"applicationCacheEnabled":false,"browserConnectionEnabled":false,"cssSelectorsEnabled":true,"webStorageEnabled":false,"rotatable":false,"acceptSslCerts":false,"nativeEvents":true,"proxy":{"proxyType":"direct"}}
[INFO  - 2014-07-03T14:57:29.246Z] SessionManagerReqHand - _postNewSessionCommand - New Session Created: 5a7426b0-02c2-11e4-9de1-dd0e6737e365
[INFO  - 2014-07-03T14:57:33.736Z] ShutdownReqHand - _handle - About to shutdown
[INFO  - 2014-07-03T20:21:16.996Z] GhostDriver - Main - running on port 1266
[INFO  - 2014-07-03T20:21:17.489Z] Session [9695b370-02ef-11e4-8dc3-91660b98a543] - CONSTRUCTOR - Desired Capabilities: {"platform":"ANY","browserName":"firefox","version":""}
[INFO  - 2014-07-03T20:21:17.500Z] Session [9695b370-02ef-11e4-8dc3-91660b98a543] - CONSTRUCTOR - Negotiated Capabilities: {"browserName":"phantomjs","version":"1.9.1","driverName":"ghostdriver","driverVersion":"1.0.3","platform":"windows-7-32bit","javascriptEnabled":true,"takesScreenshot":true,"handlesAlerts":false,"databaseEnabled":false,"locationContextEnabled":false,"applicationCacheEnabled":false,"browserConnectionEnabled":false,"cssSelectorsEnabled":true,"webStorageEnabled":false,"rotatable":false,"acceptSslCerts":false,"nativeEvents":true,"proxy":{"proxyType":"direct"}}
[INFO  - 2014-07-03T20:21:17.500Z] SessionManagerReqHand - _postNewSessionCommand - New Session Created: 9695b370-02ef-11e4-8dc3-91660b98a543
[INFO  - 2014-07-03T20:21:33.591Z] ShutdownReqHand - _handle - About to shutdown
[INFO  - 2014-07-03T20:57:17.503Z] GhostDriver - Main - running on port 42410
[INFO  - 2014-07-03T20:57:18.750Z] Session [9ecc1c50-02f4-11e4-b4d0-7751d76b70e9] - CONSTRUCTOR - Desired Capabilities: {"platform":"ANY","browserName":"firefox","version":""}
[INFO  - 2014-07-03T20:57:18.751Z] Session [9ecc1c50-02f4-11e4-b4d0-7751d76b70e9] - CONSTRUCTOR - Negotiated Capabilities: {"browserName":"phantomjs","version":"1.9.1","driverName":"ghostdriver","driverVersion":"1.0.3","platform":"windows-7-32bit","javascriptEnabled":true,"takesScreenshot":true,"handlesAlerts":false,"databaseEnabled":false,"locationContextEnabled":false,"applicationCacheEnabled":false,"browserConnectionEnabled":false,"cssSelectorsEnabled":true,"webStorageEnabled":false,"rotatable":false,"acceptSslCerts":false,"nativeEvents":true,"proxy":{"proxyType":"direct"}}
[INFO  - 2014-07-03T20:57:18.751Z] SessionManagerReqHand - _postNewSessionCommand - New Session Created: 9ecc1c50-02f4-11e4-b4d0-7751d76b70e9
[INFO  - 2014-07-03T20:57:33.094Z] ShutdownReqHand - _handle - About to shutdown
[INFO  - 2014-07-03T20:59:20.695Z] GhostDriver - Main - running on port 6182
[INFO  - 2014-07-03T20:59:21.621Z] Session [e808bcc0-02f4-11e4-b313-35580e40ef8e] - CONSTRUCTOR - Desired Capabilities: {"platform":"ANY","browserName":"firefox","version":""}
[INFO  - 2014-07-03T20:59:21.622Z] Session [e808bcc0-02f4-11e4-b313-35580e40ef8e] - CONSTRUCTOR - Negotiated Capabilities: {"browserName":"phantomjs","version":"1.9.1","driverName":"ghostdriver","driverVersion":"1.0.3","platform":"windows-7-32bit","javascriptEnabled":true,"takesScreenshot":true,"handlesAlerts":false,"databaseEnabled":false,"locationContextEnabled":false,"applicationCacheEnabled":false,"browserConnectionEnabled":false,"cssSelectorsEnabled":true,"webStorageEnabled":false,"rotatable":false,"acceptSslCerts":false,"nativeEvents":true,"proxy":{"proxyType":"direct"}}
[INFO  - 2014-07-03T20:59:21.623Z] SessionManagerReqHand - _postNewSessionCommand - New Session Created: e808bcc0-02f4-11e4-b313-35580e40ef8e
[INFO  - 2014-07-03T20:59:35.852Z] ShutdownReqHand - _handle - About to shutdown
[INFO  - 2014-07-03T21:02:16.220Z] GhostDriver - Main - running on port 24847
[INFO  - 2014-07-03T21:02:17.614Z] Session [50ef2350-02f5-11e4-83f8-31c248439aaf] - CONSTRUCTOR - Desired Capabilities: {"platform":"ANY","browserName":"firefox","version":""}
[INFO  - 2014-07-03T21:02:17.615Z] Session [50ef2350-02f5-11e4-83f8-31c248439aaf] - CONSTRUCTOR - Negotiated Capabilities: {"browserName":"phantomjs","version":"1.9.1","driverName":"ghostdriver","driverVersion":"1.0.3","platform":"windows-7-32bit","javascriptEnabled":true,"takesScreenshot":true,"handlesAlerts":false,"databaseEnabled":false,"locationContextEnabled":false,"applicationCacheEnabled":false,"browserConnectionEnabled":false,"cssSelectorsEnabled":true,"webStorageEnabled":false,"rotatable":false,"acceptSslCerts":false,"nativeEvents":true,"proxy":{"proxyType":"direct"}}
[INFO  - 2014-07-03T21:02:17.616Z] SessionManagerReqHand - _postNewSessionCommand - New Session Created: 50ef2350-02f5-11e4-83f8-31c248439aaf
[INFO  - 2014-07-03T21:02:28.654Z] ShutdownReqHand - _handle - About to shutdown
[INFO  - 2014-07-03T21:04:10.996Z] GhostDriver - Main - running on port 41091
[INFO  - 2014-07-03T21:04:12.213Z] Session [953d67b0-02f5-11e4-ae05-1791b5802a40] - CONSTRUCTOR - Desired Capabilities: {"platform":"ANY","browserName":"firefox","version":""}
[INFO  - 2014-07-03T21:04:12.217Z] Session [953d67b0-02f5-11e4-ae05-1791b5802a40] - CONSTRUCTOR - Negotiated Capabilities: {"browserName":"phantomjs","version":"1.9.1","driverName":"ghostdriver","driverVersion":"1.0.3","platform":"windows-7-32bit","javascriptEnabled":true,"takesScreenshot":true,"handlesAlerts":false,"databaseEnabled":false,"locationContextEnabled":false,"applicationCacheEnabled":false,"browserConnectionEnabled":false,"cssSelectorsEnabled":true,"webStorageEnabled":false,"rotatable":false,"acceptSslCerts":false,"nativeEvents":true,"proxy":{"proxyType":"direct"}}
[INFO  - 2014-07-03T21:04:12.217Z] SessionManagerReqHand - _postNewSessionCommand - New Session Created: 953d67b0-02f5-11e4-ae05-1791b5802a40
[INFO  - 2014-07-03T21:04:26.734Z] ShutdownReqHand - _handle - About to shutdown
[INFO  - 2014-07-03T21:09:28.603Z] GhostDriver - Main - running on port 20475
[INFO  - 2014-07-03T21:09:30.037Z] Session [52ada6c0-02f6-11e4-b602-d9c968c8077f] - CONSTRUCTOR - Desired Capabilities: {"platform":"ANY","browserName":"firefox","version":""}
[INFO  - 2014-07-03T21:09:30.038Z] Session [52ada6c0-02f6-11e4-b602-d9c968c8077f] - CONSTRUCTOR - Negotiated Capabilities: {"browserName":"phantomjs","version":"1.9.1","driverName":"ghostdriver","driverVersion":"1.0.3","platform":"windows-7-32bit","javascriptEnabled":true,"takesScreenshot":true,"handlesAlerts":false,"databaseEnabled":false,"locationContextEnabled":false,"applicationCacheEnabled":false,"browserConnectionEnabled":false,"cssSelectorsEnabled":true,"webStorageEnabled":false,"rotatable":false,"acceptSslCerts":false,"nativeEvents":true,"proxy":{"proxyType":"direct"}}
[INFO  - 2014-07-03T21:09:30.039Z] SessionManagerReqHand - _postNewSessionCommand - New Session Created: 52ada6c0-02f6-11e4-b602-d9c968c8077f
[INFO  - 2014-07-03T21:09:42.095Z] ShutdownReqHand - _handle - About to shutdown
[INFO  - 2014-07-03T21:12:43.974Z] GhostDriver - Main - running on port 3279
[INFO  - 2014-07-03T21:12:44.625Z] Session [c6a96c80-02f6-11e4-98e0-e1c92c7c9b64] - CONSTRUCTOR - Desired Capabilities: {"platform":"ANY","browserName":"firefox","version":""}
[INFO  - 2014-07-03T21:12:44.626Z] Session [c6a96c80-02f6-11e4-98e0-e1c92c7c9b64] - CONSTRUCTOR - Negotiated Capabilities: {"browserName":"phantomjs","version":"1.9.1","driverName":"ghostdriver","driverVersion":"1.0.3","platform":"windows-7-32bit","javascriptEnabled":true,"takesScreenshot":true,"handlesAlerts":false,"databaseEnabled":false,"locationContextEnabled":false,"applicationCacheEnabled":false,"browserConnectionEnabled":false,"cssSelectorsEnabled":true,"webStorageEnabled":false,"rotatable":false,"acceptSslCerts":false,"nativeEvents":true,"proxy":{"proxyType":"direct"}}
[INFO  - 2014-07-03T21:12:44.626Z] SessionManagerReqHand - _postNewSessionCommand - New Session Created: c6a96c80-02f6-11e4-98e0-e1c92c7c9b64
[INFO  - 2014-07-03T21:12:57.502Z] ShutdownReqHand - _handle - About to shutdown
[INFO  - 2014-07-03T21:27:57.533Z] GhostDriver - Main - running on port 6274
[INFO  - 2014-07-03T21:27:58.870Z] Session [e79823d0-02f8-11e4-9492-b7060d7719ff] - CONSTRUCTOR - Desired Capabilities: {"platform":"ANY","browserName":"firefox","version":""}
[INFO  - 2014-07-03T21:27:58.873Z] Session [e79823d0-02f8-11e4-9492-b7060d7719ff] - CONSTRUCTOR - Negotiated Capabilities: {"browserName":"phantomjs","version":"1.9.1","driverName":"ghostdriver","driverVersion":"1.0.3","platform":"windows-7-32bit","javascriptEnabled":true,"takesScreenshot":true,"handlesAlerts":false,"databaseEnabled":false,"locationContextEnabled":false,"applicationCacheEnabled":false,"browserConnectionEnabled":false,"cssSelectorsEnabled":true,"webStorageEnabled":false,"rotatable":false,"acceptSslCerts":false,"nativeEvents":true,"proxy":{"proxyType":"direct"}}
[INFO  - 2014-07-03T21:27:58.874Z] SessionManagerReqHand - _postNewSessionCommand - New Session Created: e79823d0-02f8-11e4-9492-b7060d7719ff
[INFO  - 2014-07-03T21:28:13.562Z] ShutdownReqHand - _handle - About to shutdown
[INFO  - 2014-07-03T21:29:50.253Z] GhostDriver - Main - running on port 28319
[INFO  - 2014-07-03T21:29:51.652Z] Session [2ad0d980-02f9-11e4-ae0f-3555dbeb24b0] - CONSTRUCTOR - Desired Capabilities: {"platform":"ANY","browserName":"firefox","version":""}
[INFO  - 2014-07-03T21:29:51.655Z] Session [2ad0d980-02f9-11e4-ae0f-3555dbeb24b0] - CONSTRUCTOR - Negotiated Capabilities: {"browserName":"phantomjs","version":"1.9.1","driverName":"ghostdriver","driverVersion":"1.0.3","platform":"windows-7-32bit","javascriptEnabled":true,"takesScreenshot":true,"handlesAlerts":false,"databaseEnabled":false,"locationContextEnabled":false,"applicationCacheEnabled":false,"browserConnectionEnabled":false,"cssSelectorsEnabled":true,"webStorageEnabled":false,"rotatable":false,"acceptSslCerts":false,"nativeEvents":true,"proxy":{"proxyType":"direct"}}
[INFO  - 2014-07-03T21:29:51.656Z] SessionManagerReqHand - _postNewSessionCommand - New Session Created: 2ad0d980-02f9-11e4-ae0f-3555dbeb24b0
[INFO  - 2014-07-03T21:30:09.926Z] ShutdownReqHand - _handle - About to shutdown
